2019/05/23 17:47:22.675 [I]  incoming create url request, url: https://www.aliyun.com
2019/05/23 17:47:23.664 [I]  incoming create url request, url: https://www.aliyun.com
2019/05/23 17:47:26.433 [I]  incoming query, code: aBmMOB
2019/05/23 17:47:27.384 [I]  incoming query, code: aBmMOB
2019/05/23 17:47:28.036 [I]  incoming query, code: aBmMOB
2019/05/23 17:47:32.223 [I]  incoming create url request, url: https://www.aliyun.com
2019/05/23 20:15:09.440 [I]  incoming create url request, url: https://www.aliyun.com
2019/05/23 20:15:10.312 [I]  incoming create url request, url: https://www.aliyun.com
2019/05/23 20:16:01.092 [I]  incoming create url request, url: https://www.aliyun.com
2019/05/23 20:16:02.085 [I]  incoming create url request, url: https://www.aliyun.com
2019/05/23 20:16:04.195 [I]  incoming query, code: aBmMOB
2019/05/24 00:29:39.577 [I]  incoming query, code: xxxxx
2019/05/24 00:29:46.536 [I]  incoming query, code: xxxxxx
2019/05/24 00:30:59.196 [I]  incoming query, code: xxxxxx
2019/05/24 00:31:09.103 [I]  incoming query, code: xxxxxx
2019/05/24 00:32:26.940 [I]  incoming query, code: xxxxxx
2019/05/24 00:32:41.725 [I]  incoming query, code: xxxxxx
2019/05/24 00:33:18.009 [I]  incoming query, code: xxxxxx
2019/05/24 00:33:42.102 [I]  incoming query, code: xxxxxx
2019/05/24 00:34:00.304 [I]  incoming query, code: xxxxxx
2019/05/24 00:36:15.233 [I]  incoming query, code: ESfaj8
2019/05/24 00:36:31.601 [I]  incoming query, code: xxxxxx
2019/05/24 00:36:39.143 [I]  incoming query, code: 3o6bth
